<?xml version="1.0" encoding="UTF-8"?>
<!-- Generated by org.testng.reporters.JUnitXMLReporter -->
<testsuite hostname="abokhlaifa" ignored="0" name="Default test" tests="9" failures="0" timestamp="28 Aug 2019 15:35:21 GMT" time="7.83" errors="0">
  <testcase name="addEmployeeRecord" time="1.454" classname="com.almatar.FBOapi.tests.TC01_addEmployee"/>
  <testcase name="addEmployeeRecord" time="0.457" classname="com.almatar.FBOapi.tests.TC01_addEmployee"/>
  <testcase name="addEmployeeRecord" time="0.518" classname="com.almatar.FBOapi.tests.TC01_addEmployee"/>
  <testcase name="addEmployeeRecord" time="0.581" classname="com.almatar.FBOapi.tests.TC01_addEmployee"/>
  <testcase name="addEmployeeRecord" time="0.43" classname="com.almatar.FBOapi.tests.TC01_addEmployee"/>
  <testcase name="addEmployeeRecord" time="0.519" classname="com.almatar.FBOapi.tests.TC01_addEmployee"/>
  <testcase name="addEmployeeRecord" time="0.502" classname="com.almatar.FBOapi.tests.TC01_addEmployee"/>
  <testcase name="addEmployeeRecord" time="0.513" classname="com.almatar.FBOapi.tests.TC01_addEmployee"/>
  <testcase name="addEmployeeRecord" time="0.512" classname="com.almatar.FBOapi.tests.TC01_addEmployee"/>
</testsuite> <!-- Default test -->
