<?xml version="1.0" encoding="UTF-8"?>
<testng-results skipped="0" failed="1" ignored="0" total="11" passed="10">
  <reporter-output>
  </reporter-output>
  <suite name="Suite1" duration-ms="11239" started-at="2019-08-28T16:42:07Z" finished-at="2019-08-28T16:42:18Z">
    <groups>
    </groups>
    <test name="EmployeeRestAssuredTests" duration-ms="11239" started-at="2019-08-28T16:42:07Z" finished-at="2019-08-28T16:42:18Z">
      <class name="com.almatar.FBOapi.tests.TC01_addEmployee">
        <test-method status="PASS" signature="setup()[pri:0, instance:com.almatar.FBOapi.tests.TC01_addEmployee@42e26948]" name="setup" is-config="true" duration-ms="2" started-at="2019-08-28T16:42:11Z" finished-at="2019-08-28T16:42:11Z">
          <reporter-output>
          </reporter-output>
        </test-method> <!-- setup -->
        <test-method status="PASS" signature="prepareForTest()[pri:0, instance:com.almatar.FBOapi.tests.TC01_addEmployee@42e26948]" name="prepareForTest" is-config="true" duration-ms="4" started-at="2019-08-28T16:42:11Z" finished-at="2019-08-28T16:42:11Z">
          <reporter-output>
          </reporter-output>
        </test-method> <!-- prepareForTest -->
        <test-method status="PASS" signature="addEmployeeRecord(java.lang.String, java.lang.String, java.lang.String, java.lang.String, java.lang.String)[pri:0, instance:com.almatar.FBOapi.tests.TC01_addEmployee@42e26948]" name="addEmployeeRecord" duration-ms="1165" started-at="2019-08-28T16:42:12Z" data-provider="emplyeeDataProviderExcel" finished-at="2019-08-28T16:42:13Z">
          <params>
            <param index="0">
              <value>
                <![CDATA[Ahmed3491863]]>
              </value>
            </param>
            <param index="1">
              <value>
                <![CDATA[Abokhalifa3065250]]>
              </value>
            </param>
            <param index="2">
              <value>
                <![CDATA[Abokhalifa1080847]]>
              </value>
            </param>
            <param index="3">
              <value>
                <![CDATA[Test123227188]]>
              </value>
            </param>
            <param index="4">
              <value>
                <![CDATA[abokhalifa@gmail.com2286967]]>
              </value>
            </param>
          </params>
          <reporter-output>
          </reporter-output>
        </test-method> <!-- addEmployeeRecord -->
        <test-method status="PASS" signature="addEmployeeRecord(java.lang.String, java.lang.String, java.lang.String, java.lang.String, java.lang.String)[pri:0, instance:com.almatar.FBOapi.tests.TC01_addEmployee@42e26948]" name="addEmployeeRecord" duration-ms="500" started-at="2019-08-28T16:42:13Z" data-provider="emplyeeDataProviderExcel" finished-at="2019-08-28T16:42:14Z">
          <params>
            <param index="0">
              <value>
                <![CDATA[Ibrahim4441270]]>
              </value>
            </param>
            <param index="1">
              <value>
                <![CDATA[Abokhalifa2679318]]>
              </value>
            </param>
            <param index="2">
              <value>
                <![CDATA[Abokhalifa4490882]]>
              </value>
            </param>
            <param index="3">
              <value>
                <![CDATA[Test1241517176]]>
              </value>
            </param>
            <param index="4">
              <value>
                <![CDATA[abokhalifa@gmail.com241391]]>
              </value>
            </param>
          </params>
          <reporter-output>
          </reporter-output>
        </test-method> <!-- addEmployeeRecord -->
        <test-method status="PASS" signature="addEmployeeRecord(java.lang.String, java.lang.String, java.lang.String, java.lang.String, java.lang.String)[pri:0, instance:com.almatar.FBOapi.tests.TC01_addEmployee@42e26948]" name="addEmployeeRecord" duration-ms="511" started-at="2019-08-28T16:42:14Z" data-provider="emplyeeDataProviderExcel" finished-at="2019-08-28T16:42:14Z">
          <params>
            <param index="0">
              <value>
                <![CDATA[Mohamed1472987]]>
              </value>
            </param>
            <param index="1">
              <value>
                <![CDATA[Abokhalifa3859418]]>
              </value>
            </param>
            <param index="2">
              <value>
                <![CDATA[Abokhalifa4549266]]>
              </value>
            </param>
            <param index="3">
              <value>
                <![CDATA[Test1251369061]]>
              </value>
            </param>
            <param index="4">
              <value>
                <![CDATA[abokhalifa@gmail.com3292449]]>
              </value>
            </param>
          </params>
          <reporter-output>
          </reporter-output>
        </test-method> <!-- addEmployeeRecord -->
        <test-method status="PASS" signature="addEmployeeRecord(java.lang.String, java.lang.String, java.lang.String, java.lang.String, java.lang.String)[pri:0, instance:com.almatar.FBOapi.tests.TC01_addEmployee@42e26948]" name="addEmployeeRecord" duration-ms="478" started-at="2019-08-28T16:42:14Z" data-provider="emplyeeDataProviderExcel" finished-at="2019-08-28T16:42:15Z">
          <params>
            <param index="0">
              <value>
                <![CDATA[Ismail1715213]]>
              </value>
            </param>
            <param index="1">
              <value>
                <![CDATA[Abokhalifa3301873]]>
              </value>
            </param>
            <param index="2">
              <value>
                <![CDATA[Abokhalifa904053]]>
              </value>
            </param>
            <param index="3">
              <value>
                <![CDATA[Test1263700592]]>
              </value>
            </param>
            <param index="4">
              <value>
                <![CDATA[abokhalifa@gmail.com564196]]>
              </value>
            </param>
          </params>
          <reporter-output>
          </reporter-output>
        </test-method> <!-- addEmployeeRecord -->
        <test-method status="PASS" signature="addEmployeeRecord(java.lang.String, java.lang.String, java.lang.String, java.lang.String, java.lang.String)[pri:0, instance:com.almatar.FBOapi.tests.TC01_addEmployee@42e26948]" name="addEmployeeRecord" duration-ms="541" started-at="2019-08-28T16:42:15Z" data-provider="emplyeeDataProviderExcel" finished-at="2019-08-28T16:42:15Z">
          <params>
            <param index="0">
              <value>
                <![CDATA[Hamza3537222]]>
              </value>
            </param>
            <param index="1">
              <value>
                <![CDATA[Abokhalifa1256014]]>
              </value>
            </param>
            <param index="2">
              <value>
                <![CDATA[Abokhalifa4400213]]>
              </value>
            </param>
            <param index="3">
              <value>
                <![CDATA[Test1273028660]]>
              </value>
            </param>
            <param index="4">
              <value>
                <![CDATA[abokhalifa@gmail.com2989685]]>
              </value>
            </param>
          </params>
          <reporter-output>
          </reporter-output>
        </test-method> <!-- addEmployeeRecord -->
        <test-method status="PASS" signature="addEmployeeRecord(java.lang.String, java.lang.String, java.lang.String, java.lang.String, java.lang.String)[pri:0, instance:com.almatar.FBOapi.tests.TC01_addEmployee@42e26948]" name="addEmployeeRecord" duration-ms="508" started-at="2019-08-28T16:42:15Z" data-provider="emplyeeDataProviderExcel" finished-at="2019-08-28T16:42:16Z">
          <params>
            <param index="0">
              <value>
                <![CDATA[Omar1452552]]>
              </value>
            </param>
            <param index="1">
              <value>
                <![CDATA[Abokhalifa3164268]]>
              </value>
            </param>
            <param index="2">
              <value>
                <![CDATA[Abokhalifa648361]]>
              </value>
            </param>
            <param index="3">
              <value>
                <![CDATA[Test1283484264]]>
              </value>
            </param>
            <param index="4">
              <value>
                <![CDATA[abokhalifa@gmail.com2591172]]>
              </value>
            </param>
          </params>
          <reporter-output>
          </reporter-output>
        </test-method> <!-- addEmployeeRecord -->
        <test-method status="PASS" signature="addEmployeeRecord(java.lang.String, java.lang.String, java.lang.String, java.lang.String, java.lang.String)[pri:0, instance:com.almatar.FBOapi.tests.TC01_addEmployee@42e26948]" name="addEmployeeRecord" duration-ms="519" started-at="2019-08-28T16:42:16Z" data-provider="emplyeeDataProviderExcel" finished-at="2019-08-28T16:42:16Z">
          <params>
            <param index="0">
              <value>
                <![CDATA[Gamal446253]]>
              </value>
            </param>
            <param index="1">
              <value>
                <![CDATA[Abokhalifa230622]]>
              </value>
            </param>
            <param index="2">
              <value>
                <![CDATA[Abokhalifa1152217]]>
              </value>
            </param>
            <param index="3">
              <value>
                <![CDATA[Test1292165072]]>
              </value>
            </param>
            <param index="4">
              <value>
                <![CDATA[abokhalifa@gmail.com4797941]]>
              </value>
            </param>
          </params>
          <reporter-output>
          </reporter-output>
        </test-method> <!-- addEmployeeRecord -->
        <test-method status="PASS" signature="addEmployeeRecord(java.lang.String, java.lang.String, java.lang.String, java.lang.String, java.lang.String)[pri:0, instance:com.almatar.FBOapi.tests.TC01_addEmployee@42e26948]" name="addEmployeeRecord" duration-ms="469" started-at="2019-08-28T16:42:16Z" data-provider="emplyeeDataProviderExcel" finished-at="2019-08-28T16:42:17Z">
          <params>
            <param index="0">
              <value>
                <![CDATA[Samy1811484]]>
              </value>
            </param>
            <param index="1">
              <value>
                <![CDATA[Abokhalifa86380]]>
              </value>
            </param>
            <param index="2">
              <value>
                <![CDATA[Abokhalifa184683]]>
              </value>
            </param>
            <param index="3">
              <value>
                <![CDATA[Test1303972684]]>
              </value>
            </param>
            <param index="4">
              <value>
                <![CDATA[abokhalifa@gmail.com3642484]]>
              </value>
            </param>
          </params>
          <reporter-output>
          </reporter-output>
        </test-method> <!-- addEmployeeRecord -->
        <test-method status="PASS" signature="addEmployeeRecord(java.lang.String, java.lang.String, java.lang.String, java.lang.String, java.lang.String)[pri:0, instance:com.almatar.FBOapi.tests.TC01_addEmployee@42e26948]" name="addEmployeeRecord" duration-ms="541" started-at="2019-08-28T16:42:17Z" data-provider="emplyeeDataProviderExcel" finished-at="2019-08-28T16:42:17Z">
          <params>
            <param index="0">
              <value>
                <![CDATA[Eshak4295350]]>
              </value>
            </param>
            <param index="1">
              <value>
                <![CDATA[Abokhalifa1760040]]>
              </value>
            </param>
            <param index="2">
              <value>
                <![CDATA[Abokhalifa4124712]]>
              </value>
            </param>
            <param index="3">
              <value>
                <![CDATA[Test1313001436]]>
              </value>
            </param>
            <param index="4">
              <value>
                <![CDATA[abokhalifa@gmail.com613536]]>
              </value>
            </param>
          </params>
          <reporter-output>
          </reporter-output>
        </test-method> <!-- addEmployeeRecord -->
      </class> <!-- com.almatar.FBOapi.tests.TC01_addEmployee -->
      <class name="com.almatar.FBOapi.tests.TC02_authentication">
        <test-method status="PASS" signature="setup()[pri:0, instance:com.almatar.FBOapi.tests.TC02_authentication@57baeedf]" name="setup" is-config="true" duration-ms="3" started-at="2019-08-28T16:42:17Z" finished-at="2019-08-28T16:42:17Z">
          <reporter-output>
          </reporter-output>
        </test-method> <!-- setup -->
        <test-method status="PASS" signature="prepareForTest()[pri:0, instance:com.almatar.FBOapi.tests.TC02_authentication@57baeedf]" name="prepareForTest" is-config="true" duration-ms="510" started-at="2019-08-28T16:42:17Z" finished-at="2019-08-28T16:42:18Z">
          <reporter-output>
          </reporter-output>
        </test-method> <!-- prepareForTest -->
        <test-method status="FAIL" signature="authenticate()[pri:0, instance:com.almatar.FBOapi.tests.TC02_authentication@57baeedf]" name="authenticate" duration-ms="3" started-at="2019-08-28T16:42:18Z" finished-at="2019-08-28T16:42:18Z">
          <exception class="java.lang.AssertionError">
            <message>
              <![CDATA[expected [200] but found [401]]]>
            </message>
            <full-stacktrace>
              <![CDATA[java.lang.AssertionError: expected [200] but found [401]
at org.testng.Assert.fail(Assert.java:96)
at org.testng.Assert.failNotEquals(Assert.java:776)
at org.testng.Assert.assertEqualsImpl(Assert.java:137)
at org.testng.Assert.assertEquals(Assert.java:118)
at org.testng.Assert.assertEquals(Assert.java:652)
at org.testng.Assert.assertEquals(Assert.java:662)
at com.almatar.FBOapi.tests.TC02_authentication.authenticate(TC02_authentication.java:49)
at sun.reflect.NativeMethodAccessorImpl.invoke0(Native Method)
at sun.reflect.NativeMethodAccessorImpl.invoke(NativeMethodAccessorImpl.java:62)
at sun.reflect.DelegatingMethodAccessorImpl.invoke(DelegatingMethodAccessorImpl.java:43)
at java.lang.reflect.Method.invoke(Method.java:498)
at org.testng.internal.MethodInvocationHelper.invokeMethod(MethodInvocationHelper.java:124)
at org.testng.internal.Invoker.invokeMethod(Invoker.java:583)
at org.testng.internal.Invoker.invokeTestMethod(Invoker.java:719)
at org.testng.internal.Invoker.invokeTestMethods(Invoker.java:989)
at org.testng.internal.TestMethodWorker.invokeTestMethods(TestMethodWorker.java:125)
at org.testng.internal.TestMethodWorker.run(TestMethodWorker.java:109)
at org.testng.TestRunner.privateRun(TestRunner.java:648)
at org.testng.TestRunner.run(TestRunner.java:505)
at org.testng.SuiteRunner.runTest(SuiteRunner.java:455)
at org.testng.SuiteRunner.runSequentially(SuiteRunner.java:450)
at org.testng.SuiteRunner.privateRun(SuiteRunner.java:415)
at org.testng.SuiteRunner.run(SuiteRunner.java:364)
at org.testng.SuiteRunnerWorker.runSuite(SuiteRunnerWorker.java:52)
at org.testng.SuiteRunnerWorker.run(SuiteRunnerWorker.java:84)
at org.testng.TestNG.runSuitesSequentially(TestNG.java:1208)
at org.testng.TestNG.runSuitesLocally(TestNG.java:1137)
at org.testng.TestNG.runSuites(TestNG.java:1049)
at org.testng.TestNG.run(TestNG.java:1017)
at org.testng.remote.AbstractRemoteTestNG.run(AbstractRemoteTestNG.java:115)
at org.testng.remote.RemoteTestNG.initAndRun(RemoteTestNG.java:251)
at org.testng.remote.RemoteTestNG.main(RemoteTestNG.java:77)
]]>
            </full-stacktrace>
          </exception> <!-- java.lang.AssertionError -->
          <reporter-output>
          </reporter-output>
        </test-method> <!-- authenticate -->
      </class> <!-- com.almatar.FBOapi.tests.TC02_authentication -->
      <class name="com.almatar.FBOapi.tests.TC00_GetAllEmployees">
        <test-method status="PASS" signature="setup()[pri:0, instance:com.almatar.FBOapi.tests.TC00_GetAllEmployees@1794d431]" name="setup" is-config="true" duration-ms="108" started-at="2019-08-28T16:42:07Z" finished-at="2019-08-28T16:42:07Z">
          <reporter-output>
          </reporter-output>
        </test-method> <!-- setup -->
        <test-method status="PASS" signature="getAllEmployees()[pri:0, instance:com.almatar.FBOapi.tests.TC00_GetAllEmployees@1794d431]" name="getAllEmployees" is-config="true" duration-ms="2982" started-at="2019-08-28T16:42:07Z" finished-at="2019-08-28T16:42:10Z">
          <reporter-output>
          </reporter-output>
        </test-method> <!-- getAllEmployees -->
        <test-method status="PASS" signature="checkResponseBody()[pri:0, instance:com.almatar.FBOapi.tests.TC00_GetAllEmployees@1794d431]" name="checkResponseBody" duration-ms="817" started-at="2019-08-28T16:42:10Z" finished-at="2019-08-28T16:42:11Z">
          <reporter-output>
          </reporter-output>
        </test-method> <!-- checkResponseBody -->
      </class> <!-- com.almatar.FBOapi.tests.TC00_GetAllEmployees -->
    </test> <!-- EmployeeRestAssuredTests -->
  </suite> <!-- Suite1 -->
</testng-results>
